2016-11-07 21:30:36,169 INFO osmnx Configured osmnx
2016-11-07 21:31:33,552 INFO osmnx Pausing 1.00 seconds before making API GET request
2016-11-07 21:31:34,558 INFO osmnx Requesting https://nominatim.openstreetmap.org/search?format=json&limit=1&dedupe=0&polygon_geojson=1&q=Manhattan%2C+New+York+City%2C+New+York%2C+USA with timeout=30
2016-11-07 21:31:35,423 INFO osmnx Downloaded 5.1KB from nominatim.openstreetmap.org in 0.87 seconds
2016-11-07 21:31:35,425 INFO osmnx Saved response to cache file "cache/5a65fc718560783793df27f99ebffde5.json"
2016-11-07 21:31:35,427 INFO osmnx Created GeoDataFrame with 1 row for query "Manhattan, New York City, New York, USA"
2016-11-07 21:31:35,473 INFO osmnx Saved the GeoDataFrame "Manhattan, New York City, New York, USA" as shapefile "data/usa-new_york-new_york_city-manhattan"
2016-11-07 21:31:35,478 INFO osmnx Projected the GeoDataFrame "Manhattan, New York City, New York, USA" to UTM-18 in 0.00 seconds
2016-11-07 21:31:47,650 INFO osmnx Pausing 1.00 seconds before making API GET request
2016-11-07 21:31:48,651 INFO osmnx Requesting https://nominatim.openstreetmap.org/search?format=json&limit=1&dedupe=0&polygon_geojson=1&q=London%2C+UK with timeout=30
2016-11-07 21:31:49,562 INFO osmnx Downloaded 244.8KB from nominatim.openstreetmap.org in 0.91 seconds
2016-11-07 21:31:49,618 INFO osmnx Saved response to cache file "cache/b7991fb612c904cbef90dff1dd973848.json"
2016-11-07 21:31:49,687 INFO osmnx Created GeoDataFrame with 1 row for query "London, UK"
2016-11-07 21:31:49,770 INFO osmnx Saved the GeoDataFrame "London, UK" as shapefile "data/uk-london"
2016-11-07 21:31:49,863 INFO osmnx Projected the GeoDataFrame "London, UK" to UTM-30 in 0.09 seconds
2016-11-07 21:31:57,624 INFO osmnx Retrieved response from cache file "cache/5a65fc718560783793df27f99ebffde5.json" for URL "https://nominatim.openstreetmap.org/search?format=json&limit=1&dedupe=0&polygon_geojson=1&q=Manhattan%2C+New+York+City%2C+New+York%2C+USA"
2016-11-07 21:31:57,628 INFO osmnx Created GeoDataFrame with 1 row for query "Manhattan, New York City, New York, USA"
2016-11-07 21:31:57,642 INFO osmnx Saved the GeoDataFrame "Manhattan, New York City, New York, USA" as shapefile "data/usa-new_york-new_york_city-manhattan"
2016-11-07 21:31:57,648 INFO osmnx Projected the GeoDataFrame "Manhattan, New York City, New York, USA" to UTM-18 in 0.01 seconds
2016-11-07 21:32:05,803 INFO osmnx Pausing 1.00 seconds before making API GET request
2016-11-07 21:32:06,810 INFO osmnx Requesting https://nominatim.openstreetmap.org/search?format=json&limit=1&dedupe=0&polygon_geojson=1&q=Berkeley%2C+California%2C+USA with timeout=30
2016-11-07 21:32:07,352 INFO osmnx Downloaded 19.1KB from nominatim.openstreetmap.org in 0.54 seconds
2016-11-07 21:32:07,355 INFO osmnx Saved response to cache file "cache/08760e58d24f1636781e6700083f95c6.json"
2016-11-07 21:32:07,358 INFO osmnx Created GeoDataFrame with 1 row for query "Berkeley, California, USA"
2016-11-07 21:32:07,359 INFO osmnx Pausing 1.00 seconds before making API GET request
2016-11-07 21:32:08,360 INFO osmnx Requesting https://nominatim.openstreetmap.org/search?format=json&limit=1&dedupe=0&polygon_geojson=1&q=Oakland%2C+California%2C+USA with timeout=30
2016-11-07 21:32:08,925 INFO osmnx Downloaded 40.1KB from nominatim.openstreetmap.org in 0.57 seconds
2016-11-07 21:32:08,933 INFO osmnx Saved response to cache file "cache/293a655840a7f15a2bd88a6299f4f417.json"
2016-11-07 21:32:08,948 INFO osmnx Created GeoDataFrame with 1 row for query "Oakland, California, USA"
2016-11-07 21:32:08,952 INFO osmnx Pausing 1.00 seconds before making API GET request
2016-11-07 21:32:09,954 INFO osmnx Requesting https://nominatim.openstreetmap.org/search?format=json&limit=1&dedupe=0&polygon_geojson=1&q=Piedmont%2C+California%2C+USA with timeout=30
2016-11-07 21:32:10,429 INFO osmnx Downloaded 7.8KB from nominatim.openstreetmap.org in 0.48 seconds
2016-11-07 21:32:10,430 INFO osmnx Saved response to cache file "cache/7a10ef7f51a32868ea1208e6d6162cd1.json"
2016-11-07 21:32:10,432 INFO osmnx Created GeoDataFrame with 1 row for query "Piedmont, California, USA"
2016-11-07 21:32:10,434 INFO osmnx Pausing 1.00 seconds before making API GET request
2016-11-07 21:32:11,437 INFO osmnx Requesting https://nominatim.openstreetmap.org/search?format=json&limit=1&dedupe=0&polygon_geojson=1&q=Emeryville%2C+California%2C+USA with timeout=30
2016-11-07 21:32:11,945 INFO osmnx Downloaded 4.6KB from nominatim.openstreetmap.org in 0.51 seconds
2016-11-07 21:32:11,947 INFO osmnx Saved response to cache file "cache/d1827b1162159f7be1359240a6e66c58.json"
2016-11-07 21:32:11,950 INFO osmnx Created GeoDataFrame with 1 row for query "Emeryville, California, USA"
2016-11-07 21:32:11,953 INFO osmnx Pausing 1.00 seconds before making API GET request
2016-11-07 21:32:12,954 INFO osmnx Requesting https://nominatim.openstreetmap.org/search?format=json&limit=1&dedupe=0&polygon_geojson=1&q=Alameda%2C+Alameda+County%2C+CA%2C+USA with timeout=30
2016-11-07 21:32:13,414 INFO osmnx Downloaded 3.7KB from nominatim.openstreetmap.org in 0.46 seconds
2016-11-07 21:32:13,417 INFO osmnx Saved response to cache file "cache/15a8e456e81b5159bf682371b1d8f6a1.json"
2016-11-07 21:32:13,426 INFO osmnx Created GeoDataFrame with 1 row for query "Alameda, Alameda County, CA, USA"
2016-11-07 21:32:13,434 INFO osmnx Finished creating GeoDataFrame with 5 rows from 5 queries
2016-11-07 21:32:13,479 INFO osmnx Saved the GeoDataFrame "unnamed" as shapefile "data/unnamed"
2016-11-07 21:32:13,621 INFO osmnx Projected the GeoDataFrame "unnamed" to UTM-10 in 0.14 seconds
2016-11-07 21:32:34,426 INFO osmnx Projected the GeoDataFrame "geometry to project" to UTM-10 in 0.00 seconds
2016-11-07 21:32:34,431 INFO osmnx Projected the GeoDataFrame "geometry to project" to EPSG 4326 in 0.00 seconds
2016-11-07 21:32:34,436 INFO osmnx Projected the GeoDataFrame "geometry to project" to UTM-10 in 0.00 seconds
2016-11-07 21:32:34,440 INFO osmnx Projected the GeoDataFrame "geometry to project" to EPSG 4326 in 0.00 seconds
2016-11-07 21:32:34,441 INFO osmnx Requesting network data within bounding box from API in 1 request(s)
2016-11-07 21:32:35,078 INFO osmnx Pausing 0.00 seconds before making API POST request
2016-11-07 21:32:35,078 INFO osmnx Posting to http://www.overpass-api.de/api/interpreter with timeout=180, "{'data': '[out:json][timeout:180];(way["highway"]["area"!~"yes"]["highway"!~"cycleway|footway|path|pedestrian|steps|track|proposed|construction|bridleway|abandoned|platform|raceway"]["motor_vehicle"!~"no"]["motorcar"!~"no"]["access"!~"private"]["service"!~"parking|parking_aisle|private|emergency_access"](37.77549352,-122.43567860,37.79450647,-122.40432141);>;);out;'}"
2016-11-07 21:32:36,363 INFO osmnx Downloaded 522.0KB from www.overpass-api.de in 1.29 seconds
2016-11-07 21:32:36,397 INFO osmnx Saved response to cache file "cache/f7d393bcf0e45bea418ff14a4e339e8b.json"
2016-11-07 21:32:36,397 INFO osmnx Got all network data within bounding box from API in 1 request(s) and 1.96 seconds
2016-11-07 21:32:36,397 INFO osmnx Creating networkx graph from downloaded OSM data...
2016-11-07 21:32:36,565 INFO osmnx Graph was not connected, retained only the largest weakly connected component (1,818 of 1,908 total nodes) in 0.13 seconds
2016-11-07 21:32:36,572 INFO osmnx Created graph with 1,818 nodes and 3,179 edges in 0.17 seconds
2016-11-07 21:32:36,719 INFO osmnx Added edge lengths to graph in 0.15 seconds
2016-11-07 21:32:36,843 INFO osmnx Truncated graph by bounding box in 0.12 seconds
2016-11-07 21:32:36,843 INFO osmnx Begin topologically simplifying the graph...
2016-11-07 21:32:37,039 INFO osmnx Identified 893 edge endpoints in 0.04 seconds
2016-11-07 21:32:37,045 INFO osmnx Constructed all paths to simplify in 0.01 seconds
2016-11-07 21:32:37,175 INFO osmnx Simplified graph (from 1,818 to 893 nodes and from 3,179 to 1,933 edges) in 0.13 seconds
2016-11-07 21:32:37,277 INFO osmnx Truncated graph by bounding box in 0.10 seconds
2016-11-07 21:32:37,278 INFO osmnx Removed 3 isolated nodes
2016-11-07 21:32:37,398 INFO osmnx Got the counts of undirected street segments incident to each intersection (before removing peripheral edges) in 0.12 seconds
2016-11-07 21:32:37,401 INFO osmnx graph_from_bbox() returning graph with 250 nodes and 505 edges
2016-11-07 21:32:37,465 INFO osmnx Created a GeoDataFrame from graph in 0.04 seconds
2016-11-07 21:32:37,486 INFO osmnx Projected the GeoDataFrame "unnamed_nodes" to UTM-10 in 0.02 seconds
2016-11-07 21:32:37,535 INFO osmnx Projected the GeoDataFrame "unnamed_edges" to UTM-10 in 0.05 seconds
2016-11-07 21:32:37,548 INFO osmnx Extracted projected node geometries from GeoDataFrame in 0.01 seconds
2016-11-07 21:32:37,814 INFO osmnx Rebuilt projected graph in 0.27 seconds
2016-11-07 21:32:37,816 INFO osmnx Begin plotting the graph...
2016-11-07 21:32:37,876 INFO osmnx Drew the graph edges in 0.02 seconds
2016-11-07 21:32:38,195 INFO osmnx Showed the plot in 0.31 seconds
2016-11-07 21:34:19,916 INFO osmnx Pausing 1.00 seconds before making API GET request
2016-11-07 21:34:20,917 INFO osmnx Requesting https://nominatim.openstreetmap.org/search?format=json&limit=1&dedupe=0&polygon_geojson=1&q=Chalfont%2C+Pennsylvania%2C+USA with timeout=30
2016-11-07 21:34:21,709 INFO osmnx Downloaded 2.5KB from nominatim.openstreetmap.org in 0.79 seconds
2016-11-07 21:34:21,711 INFO osmnx Saved response to cache file "cache/ecfcd23192e45a2f70701e08b7d9a8a6.json"
2016-11-07 21:34:21,715 INFO osmnx Created GeoDataFrame with 1 row for query "Chalfont, Pennsylvania, USA"
2016-11-07 21:34:21,716 INFO osmnx Constructed place geometry polygon(s) to query API
2016-11-07 21:34:21,723 INFO osmnx Projected the GeoDataFrame "geometry to project" to UTM-18 in 0.00 seconds
2016-11-07 21:34:21,732 INFO osmnx Projected the GeoDataFrame "geometry to project" to EPSG 4326 in 0.00 seconds
2016-11-07 21:34:21,743 INFO osmnx Projected the GeoDataFrame "geometry to project" to UTM-18 in 0.00 seconds
2016-11-07 21:34:21,753 INFO osmnx Projected the GeoDataFrame "geometry to project" to EPSG 4326 in 0.01 seconds
2016-11-07 21:34:21,756 INFO osmnx Requesting network data within polygon from API in 1 request(s)
2016-11-07 21:34:22,425 INFO osmnx Pausing 0.00 seconds before making API POST request
2016-11-07 21:34:22,425 INFO osmnx Posting to http://www.overpass-api.de/api/interpreter with timeout=180, "{'data': '[out:json][timeout:180];(way["highway"]["area"!~"yes"]["highway"!~"proposed|construction|abandoned|platform|raceway"](poly:"40.28864206227875 -75.22946430755962 40.28893175070280 -75.22989767482289 40.28925246740981 -75.23029202447456 40.28960114574666 -75.23064358522414 40.28997445164661 -75.23094899476772 40.29036881549822 -75.23120533195258 40.29078046626793 -75.23141014473069 40.29120546755032 -75.23156147363294 40.29163975520218 -75.23165787053888 40.29207917620037 -75.23169841256110 40.29251952835244 -75.23168271091004 40.29295660048074 -75.23161091465353 40.29338621269513 -75.23148370933255 40.29380425636982 -75.23130231044581 40.29420673344148 -75.23106845186334 40.29458979465272 -75.23078436927869 40.29494977637475 -75.23045277885666 40.29644801883092 -75.22892407811919 40.29672153767306 -75.22881688995322 40.29712027464305 -75.22860456667300 40.29750166630544 -75.22834348798759 40.29786222728885 -75.22803603898159 40.29819866253057 -75.22768502862887 40.29850789739908 -75.22729366414005 40.29878710580262 -75.22686552166422 40.29903373602768 -75.22640451361231 40.29924553406939 -75.22591485290077 40.29934953327556 -75.22560954214381 40.29968743727068 -75.22578551274778 40.30026532460101 -75.22605035411101 40.30067429844540 -75.22620979976639 40.30109299025315 -75.22631797841935 40.30151764150575 -75.22637391801580 40.30194444011782 -75.22637711540462 40.30236955465630 -75.22632754088940 40.30278916873525 -75.22622563853054 40.30319951527869 -75.22607232219396 40.30359691034293 -75.22586896738042 40.30397778619498 -75.22561739890767 40.30433872334963 -75.22531987455503 40.30467648127761 -75.22497906481607 40.30498802750855 -75.22459802894070 40.30527056486667 -75.22418018748083 40.30552155659517 -75.22372929158601 40.30671052202452 -75.22136541759089 40.30692719469049 -75.22088675876847 40.30710830442739 -75.22038351771010 40.30725223338563 -75.21986018968147 40.30735769584101 -75.21932144948481 40.30742374968643 -75.21877210967919 40.30744980485277 -75.21821707756705 40.30743562858318 -75.21766131133167 40.30738134751365 -75.21710977571895 40.30728744654109 -75.21656739766020 40.30715476448934 -75.21603902223383 40.30698448661168 -75.21552936936031 40.30677813399701 -75.21504299161822 40.30653754997484 -75.21458423355968 40.30636855973793 -75.21429258132126 40.30640587365692 -75.21417322361008 40.30649750994926 -75.21385396883771 40.30664121895273 -75.21330543848033 40.30676259397875 -75.21275644422481 40.30684262410804 -75.21219465878573 40.30688055438205 -75.21162538168332 40.30687602698587 -75.21105398315221 40.30682908462559 -75.21048585345201 40.30674017012547 -75.20992635198836 40.30661012224817 -75.20938075672589 40.30644016777793 -75.20885421437180 40.30623190994158 -75.20835169180090 40.30598731327652 -75.20787792918206 40.30394860629944 -75.20431564462700 40.30364404349083 -75.20383830788184 40.30330263606935 -75.20340558985883 40.30292819229866 -75.20302231665933 40.30252488888531 -75.20269276263542 40.30209722437308 -75.20242060273215 40.30164996894952 -75.20220887152705 40.30104815735589 -75.20197011676971 40.30060667649742 -75.20182633853692 40.30015634261443 -75.20174146208628 40.29970175027855 -75.20171635220035 40.29924753741746 -75.20175126385990 40.29887260596215 -75.20183020317187 40.29874839381557 -75.20162192296519 40.29852114239586 -75.20129479780276 40.29755769720413 -75.20000849478464 40.29722683867210 -75.19960887711174 40.29711593635177 -75.19949961970642 40.29588205624179 -75.19733162963333 40.29585880747813 -75.19729114664872 40.29311676426138 -75.19255933841848 40.29306542921339 -75.19247245506799 40.29170155898439 -75.19020820945107 40.29168928431825 -75.19018792415923 40.29025871090958 -75.18783447830359 40.28996612387316 -75.18739904144790 40.28964215675754 -75.18700330108736 40.28928995183502 -75.18665109506344 40.28891292521667 -75.18634583880289 40.28851473370680 -75.18609049220582 40.28809923932440 -75.18588753095950 40.28767047183619 -75.18573892255529 40.28761086119614 -75.18572628716518 40.28760590054238 -75.18572231329178 40.28720415065368 -75.18546817075226 40.28678510976287 -75.18526720372567 40.28635289341351 -75.18512138498043 40.28591174647136 -75.18503214556337 40.28546600142872 -75.18500036078488 40.28502003585128 -75.18502634166511 40.28457822938547 -75.18510983192358 40.28414492074889 -75.18525001054064 40.28383449247615 -75.18539430897376 40.28369870457862 -75.18527084879382 40.28333208715731 -75.18497059401837 40.28294509519624 -75.18471766439910 40.28254130074635 -75.18451439372853 40.28212443088661 -75.18436265732562 40.28169833331528 -75.18426385475566 40.28126694083016 -75.18421889694555 40.28083423502577 -75.18422819781223 40.28040420954300 -75.18429167047992 40.27998083321017 -75.18440872812008 40.27956801341605 -75.18457828940463 40.27916956005236 -75.18479878852095 40.27878915035862 -75.18506818965476 40.27843029499343 -75.18538400580620 40.27809630564502 -75.18574332176439 40.27779026447929 -75.18614282102773 40.27751499570713 -75.18657881642085 40.27727303953290 -75.18704728412536 40.27706662872380 -75.18754390081070 40.27665426286153 -75.18866088846946 40.27648286444009 -75.18882245712589 40.27614892942337 -75.18920822289442 40.27584583937755 -75.18963519751179 40.27557656344561 -75.19009919771324 40.27534373948604 -75.19059567769051 40.27479907095987 -75.19189772472924 40.27461060589695 -75.19240453990577 40.27446014746948 -75.19293257092274 40.27434907612678 -75.19347697299692 40.27427841093691 -75.19403275122741 40.27424880024218 -75.19459480639965 40.27426051571415 -75.19515798174363 40.27431344986259 -75.19571711021868 40.27440711702141 -75.19626706189210 40.27454065780179 -75.19680279097834 40.27471284697274 -75.19731938210847 40.27492210469633 -75.19781209540628 40.27516651101492 -75.19827640995889 40.27544382345798 -75.19870806528368 40.27788116428694 -75.20215266074003 40.27771788603953 -75.20263092629561 40.27762761163227 -75.20298275483320 40.27446295544750 -75.20680218292206 40.27416186156043 -75.20720193849905 40.27389129060965 -75.20763730569983 40.27365370113885 -75.20810432816151 40.27345125198091 -75.20859876202545 40.27328578265168 -75.20911611449087 40.27315879664409 -75.20965168462489 40.27307144777453 -75.21020060605815 40.27302452970510 -75.21075789117980 40.27301846873635 -75.21131847643083 40.27305331993634 -75.21187726828531 40.27312876664057 -75.21242918950327 40.27324412332775 -75.21296922523588 40.27339834184490 -75.21349246856546 40.27359002092586 -75.21399416506759 40.27381741891659 -75.21446975599149 40.27407846959216 -75.21491491966732 40.27608636908571 -75.21802047350866 40.27638150000070 -75.21843477675267 40.27658349016099 -75.21866860303334 40.27661202009926 -75.21883107523580 40.27670792093974 -75.21920451875380 40.27657641664713 -75.21954836265776 40.27641922776922 -75.22008473475945 40.27630285328818 -75.22063856356101 40.27622840261295 -75.22120456928241 40.27619658548476 -75.22177735612804 40.27620770521514 -75.22235146369647 40.27626165579625 -75.22292141900385 40.27635792291095 -75.22348178862744 40.27649558883306 -75.22402723047249 40.27667334117128 -75.22455254467140 40.27688948537357 -75.22505272313076 40.27714196087295 -75.22552299725513 40.27804571413898 -75.22704276517806 40.27833703473844 -75.22748544937625 40.27866052402373 -75.22788825929628 40.27901299685605 -75.22824722820685 40.27939098266864 -75.22855882087865 40.27979075962653 -75.22881996840840 40.28020839126223 -75.22902809845907 40.28063976522659 -75.22918116061769 40.28108063377376 -75.22927764662012 40.28152665558244 -75.22931660524220 40.28197343850133 -75.22929765170932 40.28241658279883 -75.22922097152964 40.28285172449024 -75.22908731871223 40.28327457831664 -75.22889800838499 40.28368097995150 -75.22865490388416 40.28406692701921 -75.22836039844061 40.28442861852154 -75.22801739164161 40.28646873276407 -75.22587285799079 40.28651679295943 -75.22595228225991 40.28774916578655 -75.22798876682796 40.28864206227875 -75.22946430755962");>;);out;'}"
2016-11-07 21:34:25,019 INFO osmnx Downloaded 512.5KB from www.overpass-api.de in 2.59 seconds
2016-11-07 21:34:25,060 INFO osmnx Saved response to cache file "cache/e6841579c301a3d878d7b1f0259e5dbc.json"
2016-11-07 21:34:25,060 INFO osmnx Got all network data within polygon from API in 1 request(s) and 3.30 seconds
2016-11-07 21:34:25,060 INFO osmnx Creating networkx graph from downloaded OSM data...
2016-11-07 21:34:25,147 INFO osmnx Created graph with 4,172 nodes and 8,524 edges in 0.09 seconds
2016-11-07 21:34:25,442 INFO osmnx Added edge lengths to graph in 0.29 seconds
2016-11-07 21:34:25,729 INFO osmnx Identifying all nodes that lie outside the polygon...
2016-11-07 21:34:26,129 INFO osmnx Created r-tree spatial index for 4,172 points in 0.33 seconds
2016-11-07 21:34:26,564 INFO osmnx Identified 3,599 nodes inside polygon in 0.44 seconds
2016-11-07 21:34:26,568 INFO osmnx Removed 573 nodes outside polygon in 0.00 seconds
2016-11-07 21:34:26,573 INFO osmnx Begin topologically simplifying the graph...
2016-11-07 21:34:27,129 INFO osmnx Identified 540 edge endpoints in 0.08 seconds
2016-11-07 21:34:27,154 INFO osmnx Constructed all paths to simplify in 0.02 seconds
2016-11-07 21:34:27,512 INFO osmnx Simplified graph (from 3,599 to 582 nodes and from 7,339 to 1,383 edges) in 0.36 seconds
2016-11-07 21:34:27,673 INFO osmnx Identifying all nodes that lie outside the polygon...
2016-11-07 21:34:27,735 INFO osmnx Created r-tree spatial index for 582 points in 0.04 seconds
2016-11-07 21:34:27,800 INFO osmnx Identified 287 nodes inside polygon in 0.06 seconds
2016-11-07 21:34:27,803 INFO osmnx Removed 295 nodes outside polygon in 0.00 seconds
2016-11-07 21:34:27,805 INFO osmnx Removed 0 isolated nodes
2016-11-07 21:34:27,855 INFO osmnx Graph was not connected, retained only the largest weakly connected component (255 of 287 total nodes) in 0.05 seconds
2016-11-07 21:34:27,970 INFO osmnx Got the counts of undirected street segments incident to each intersection (before removing peripheral edges) in 0.11 seconds
2016-11-07 21:34:27,973 INFO osmnx graph_from_polygon() returning graph with 255 nodes and 664 edges
2016-11-07 21:34:27,979 INFO osmnx graph_from_place() returning graph with 255 nodes and 664 edges
2016-11-07 21:34:28,056 INFO osmnx Created a GeoDataFrame from graph in 0.03 seconds
2016-11-07 21:34:28,077 INFO osmnx Projected the GeoDataFrame "Chalfont, Pennsylvania, USA_nodes" to UTM-18 in 0.02 seconds
2016-11-07 21:34:28,525 INFO osmnx Projected the GeoDataFrame "Chalfont, Pennsylvania, USA_edges" to UTM-18 in 0.44 seconds
2016-11-07 21:34:28,536 INFO osmnx Extracted projected node geometries from GeoDataFrame in 0.01 seconds
2016-11-07 21:34:29,455 INFO osmnx Rebuilt projected graph in 0.92 seconds
2016-11-07 21:34:29,458 INFO osmnx Begin plotting the graph...
2016-11-07 21:34:29,537 INFO osmnx Drew the graph edges in 0.03 seconds
2016-11-07 21:34:29,984 INFO osmnx Showed the plot in 0.44 seconds
2016-11-07 21:34:44,701 INFO osmnx Retrieved response from cache file "cache/7a10ef7f51a32868ea1208e6d6162cd1.json" for URL "https://nominatim.openstreetmap.org/search?format=json&limit=1&dedupe=0&polygon_geojson=1&q=Piedmont%2C+California%2C+USA"
2016-11-07 21:34:44,705 INFO osmnx Created GeoDataFrame with 1 row for query "Piedmont, California, USA"
2016-11-07 21:34:44,706 INFO osmnx Constructed place geometry polygon(s) to query API
2016-11-07 21:34:44,718 INFO osmnx Projected the GeoDataFrame "geometry to project" to UTM-10 in 0.01 seconds
2016-11-07 21:34:44,744 INFO osmnx Projected the GeoDataFrame "geometry to project" to EPSG 4326 in 0.01 seconds
2016-11-07 21:34:44,761 INFO osmnx Projected the GeoDataFrame "geometry to project" to UTM-10 in 0.01 seconds
2016-11-07 21:34:44,818 INFO osmnx Projected the GeoDataFrame "geometry to project" to EPSG 4326 in 0.02 seconds
2016-11-07 21:34:44,823 INFO osmnx Requesting network data within polygon from API in 1 request(s)
2016-11-07 21:34:45,083 INFO osmnx Pausing 0.00 seconds before making API POST request
2016-11-07 21:34:45,083 INFO osmnx Posting to http://www.overpass-api.de/api/interpreter with timeout=180, "{'data': '[out:json][timeout:180];(way["highway"]["area"!~"yes"]["highway"!~"proposed|construction|abandoned|platform|raceway"](poly:"37.82311280716515 -122.25501008790553 37.82319868938139 -122.25502650003361 37.82365141553036 -122.25505495210702 37.82410411858339 -122.25502592253551 37.82455221798366 -122.25493970400068 37.82499117967424 -122.25479716787402 37.82541656197947 -122.25459975544058 37.82582406055478 -122.25434946335272 37.82620955194981 -122.25404882345971 37.82656913534322 -122.25370087721583 37.82679854485787 -122.25345481423159 37.82691521314808 -122.25333035389805 37.82717621023534 -122.25324365570692 37.82737713764835 -122.25317766540084 37.82780029423831 -122.25301025436302 37.82820834835344 -122.25279121043526 37.82859734731355 -122.25252265459541 37.82896352296076 -122.25220718754520 37.82930332817021 -122.25184786453998 37.82961347122148 -122.25144816580898 37.82989094769691 -122.25101196285215 37.83014463427259 -122.25057026029478 37.83080059273460 -122.24943052917594 37.83083861530859 -122.24940686082081 37.83119720849204 -122.24912835329992 37.83128564120562 -122.24905226113137 37.83212348135400 -122.24840672114674 37.83239306918382 -122.24819959198214 37.83240773690979 -122.24818827400694 37.83244773818532 -122.24815727558982 37.83280299642495 -122.24785159523267 37.83313352223908 -122.24750460153969 37.83343630435645 -122.24711945529789 37.83370858423289 -122.24669966501554 37.83394788119310 -122.24624905496076 37.83415201504076 -122.24577173031732 37.83431912593078 -122.24527203977586 37.83444769132200 -122.24475453590102 37.83453653985568 -122.24422393363683 37.83458486203301 -122.24368506732895 37.83458911737590 -122.24337140401400 37.83467848362515 -122.24303541682980 37.83473051183343 -122.24282654013035 37.83476351365461 -122.24268453248682 37.83489038575070 -122.24197145006021 37.83490938678266 -122.24181944111443 37.83495469574414 -122.24130624855638 37.83496269612384 -122.24115223923178 37.83497184707326 -122.24086413873825 37.83498357832021 -122.23985422489454 37.83498801267377 -122.23974262864546 37.83501283448199 -122.23956107370810 37.83504013379291 -122.23928888773041 37.83506104005387 -122.23922685456471 37.83518858630088 -122.23872235483535 37.83527832893363 -122.23820507357978 37.83531400956032 -122.23783852349608 37.83534811412009 -122.23771723514743 37.83544800756514 -122.23722735703647 37.83548132773377 -122.23702743561977 37.83552024248299 -122.23679563880708 37.83555482695182 -122.23660273395208 37.83569011671161 -122.23587275202247 37.83573684114864 -122.23561983656531 37.83573848192014 -122.23561092244587 37.83597116454911 -122.23434210470090 37.83604084830481 -122.23396658994700 37.83645414590239 -122.23263002282376 37.83656167693224 -122.23228234777487 37.83683957500359 -122.23138384567891 37.83722278689428 -122.23014839345171 37.83736321396967 -122.22962083693587 37.83746203873472 -122.22907848855182 37.83751831316514 -122.22852655105922 37.83753149742438 -122.22797031925407 37.83750146504480 -122.22741512914808 37.83742850414109 -122.22686630675170 37.83731331464446 -122.22632911695359 37.83715700158420 -122.22580871298791 37.83696106448126 -122.22531008697587 37.83672738295571 -122.22483802201664 37.83645819868686 -122.22439704628891 37.83632089739626 -122.22419357076302 37.83590858110297 -122.22358109285057 37.83590155122378 -122.22357067581044 37.83586001009534 -122.22350926916317 37.83565530810108 -122.22308480173284 37.83559521161443 -122.22298473547215 37.83558644972035 -122.22296830732841 37.83557776410201 -122.22295208262985 37.83543375686011 -122.22268407558025 37.83542936697459 -122.22267592098487 37.83538136456373 -122.22258691866226 37.83537378680271 -122.22257291357104 37.83532368429196 -122.22248061119545 37.83529807823446 -122.22243349243834 37.83506270249082 -122.22199471614952 37.83505490100400 -122.22198022128562 37.83497389693745 -122.22183021738172 37.83471631388228 -122.22139881854265 37.83442741325312 -122.22100020204496 37.83410980473730 -122.22063796824671 37.83376635730858 -122.22031538873033 37.83340017330234 -122.22003537675744 37.83301456038330 -122.21980046096604 37.83281155573459 -122.21969147286202 37.83227172906132 -122.21940199934001 37.83197778126557 -122.21918426063988 37.83161353717004 -122.21891463913896 37.83065438980789 -122.21809498638909 37.83064653331571 -122.21808828782282 37.83059101137430 -122.21804105628685 37.83051544091321 -122.21797591417250 37.83049564268870 -122.21795894515238 37.83041151725671 -122.21788725272371 37.83014438025865 -122.21765857689363 37.82980681486749 -122.21739620555766 37.82973281274138 -122.21734420905156 37.82963094119162 -122.21728056135140 37.82950310008954 -122.21718141923128 37.82943009800190 -122.21713042269977 37.82898656825939 -122.21685944040996 37.82870056180872 -122.21670845732721 37.82866198095357 -122.21668835484587 37.82837880395518 -122.21654273914419 37.82751681072473 -122.21545358067121 37.82743232479414 -122.21534687660369 37.82719782844526 -122.21505049563068 37.82719031703603 -122.21504098614585 37.82702906851643 -122.21467387817282 37.82687014482779 -122.21430539656045 37.82679764105156 -122.21415489175580 37.82673853864334 -122.21403689121655 37.82671129001248 -122.21395687847748 37.82664428632666 -122.21378587155756 37.82641587157583 -122.21327189155555 37.82614646232916 -122.21279050130974 37.82583895624253 -122.21234687806140 37.82574895235920 -122.21222987789616 37.82538853084282 -122.21180976611986 37.82500700648083 -122.21145370945592 37.82500460112002 -122.21144925363701 37.82489159545032 -122.21124024821522 37.82475789071766 -122.21100597701671 37.82450174627722 -122.21058041071414 37.82373429633905 -122.20930368962799 37.82353224968296 -122.20896669130337 37.82349188856240 -122.20889369971100 37.82321694709237 -122.20839310192926 37.82314570356436 -122.20826363681952 37.82303139737984 -122.20804736484332 37.82261935664644 -122.20726609809127 37.82248209012842 -122.20700549670907 37.82222547913734 -122.20656574319244 37.82193656850195 -122.20615907501761 37.82161802662453 -122.20578924778938 37.82127279554621 -122.20545967671617 37.82090406376458 -122.20517340507463 37.82051523677577 -122.20493307611484 37.82010990561357 -122.20474090866612 37.81969181367658 -122.20459867666746 37.81926482215005 -122.20450769281121 37.81883287434219 -122.20446879644992 37.81839995926440 -122.20448234587722 37.81797007479167 -122.20454821505244 37.81754719074407 -122.20466579479815 37.81713521222952 -122.20483399845867 37.81673794358672 -122.20505127196537 37.81635905326061 -122.20531560821541 37.81600203993485 -122.20562456562972 37.81567020023346 -122.20597529071802 37.81536659828938 -122.20636454444204 37.81495861650105 -122.20694053848716 37.81492974480993 -122.20698169847785 37.81467491698346 -122.20734854314999 37.81448117053480 -122.20738069978188 37.81433917201529 -122.20740971019197 37.81417747082266 -122.20744657159250 37.81403047266938 -122.20748358213596 37.81363379846676 -122.20760726914612 37.81349980085061 -122.20765727804667 37.81291830695669 -122.20793046512385 37.81291130713452 -122.20793446550573 37.81282739465532 -122.20798373713481 37.81269139825924 -122.20806574425769 37.81213198711434 -122.20846732445153 37.81197805415356 -122.20859700989656 37.81196632471117 -122.20860272506614 37.81157513278890 -122.20882076446840 37.81148313531208 -122.20887876910679 37.81123873958894 -122.20904491769487 37.81121274038451 -122.20906391881087 37.81119147305353 -122.20907955971150 37.81115875830519 -122.20910377076028 37.81113613281170 -122.20912017571879 37.81077669443881 -122.20941017562167 37.81072969608678 -122.20945217702416 37.81034495845199 -122.20983739575556 37.81020996384878 -122.20998839720663 37.81003465627560 -122.21019527402645 37.80994066024149 -122.21031227401160 37.80993052442154 -122.21032598098637 37.80959703162282 -122.21060655905423 37.80926148085845 -122.21095190112509 37.80895378766928 -122.21133625519835 37.80867679518114 -122.21175606934783 37.80843306281346 -122.21220746412517 37.80822484263987 -122.21268626840441 37.80805405858825 -122.21318805791573 37.80792228867212 -122.21370819611289 37.80783075041699 -122.21424187699728 37.80778028961638 -122.21478416950383 37.80777137252047 -122.21533006303954 37.80780408153020 -122.21587451375484 37.80787811443597 -122.21641249112150 37.80799278720797 -122.21693902438810 37.80814704031270 -122.21744924848441 37.80824021428755 -122.21771787030302 37.80841238550832 -122.21821548099081 37.80849793512065 -122.21842610002564 37.80849886889302 -122.21843122552686 37.80853658353086 -122.21865553001143 37.80854916881977 -122.21872804114260 37.80856246799481 -122.21880233698928 37.80859244785066 -122.21896960039730 37.80864738909867 -122.21924411073185 37.80873987409510 -122.21966200816937 37.80877630885436 -122.21985017354500 37.80908475773526 -122.22121575944171 37.80919164467416 -122.22169528320779 37.80926461985873 -122.22199138630509 37.80931761673777 -122.22218737644558 37.80932246241279 -122.22220519966700 37.80943747318759 -122.22262595567373 37.80954752029978 -122.22333533033733 37.80957013219908 -122.22347213453288 37.80957724855988 -122.22351268455442 37.80961718081542 -122.22376143106449 37.80970455611771 -122.22421073232474 37.80976755232291 -122.22448571773300 37.80995654884128 -122.22531070845233 37.80996063850935 -122.22532845229352 37.81002463466048 -122.22560443769675 37.81011023146299 -122.22593553062462 37.81018022737609 -122.22618051857017 37.81018421503803 -122.22619441881996 37.81039620267670 -122.22693038273353 37.81041150331209 -122.22698219712127 37.81052038775413 -122.22746501908209 37.81052183066410 -122.22747140320213 37.81097980304228 -122.22949329558026 37.81110361057667 -122.23003950801963 37.81114290440005 -122.23025032939069 37.81118529520371 -122.23045978436676 37.81125757409092 -122.23079051429994 37.81168835572714 -122.23291220338911 37.81169020481963 -122.23292127983242 37.81183819578444 -122.23364524034450 37.81202981961415 -122.23437448254019 37.81209781572808 -122.23458447282219 37.81210464438105 -122.23460544193962 37.81231018345969 -122.23523304148375 37.81233476562407 -122.23530821368534 37.81236490346448 -122.23541568006416 37.81251349370541 -122.23596264590711 37.81256948181630 -122.23615711391483 37.81262364266691 -122.23633506199737 37.81267150504848 -122.23650413590879 37.81269470111492 -122.23659009860027 37.81269905736471 -122.23660616373806 37.81276620715130 -122.23685259843620 37.81287120233405 -122.23740735137478 37.81291788633684 -122.23796112835028 37.81291948804494 -122.23797983387567 37.81293948670336 -122.23820982018556 37.81300637330250 -122.23874333792304 37.81311315793048 -122.23926643687926 37.81319715291806 -122.23960941902148 37.81345054185092 -122.24064301422169 37.81345352806278 -122.24065514737165 37.81349861337893 -122.24083761109621 37.81351739685820 -122.24093337099453 37.81367039382833 -122.24171336046243 37.81372139705226 -122.24197337853600 37.81376675363821 -122.24218672162472 37.81385774816196 -122.24258370055568 37.81413074315147 -122.24377468715858 37.81413358215046 -122.24378702079005 37.81422557662036 -122.24418499971551 37.81427766034589 -122.24439507951547 37.81431765798541 -122.24454607185766 37.81443765596511 -122.24499906798967 37.81444847363358 -122.24503940161925 37.81448947122285 -122.24519039403168 37.81457999581038 -122.24549502921727 37.81463399272457 -122.24566202148094 37.81464143135925 -122.24568488407073 37.81480463051310 -122.24618338874798 37.81485784498706 -122.24634690411447 37.81501156699597 -122.24676919317402 37.81519215237563 -122.24717423540677 37.81523217396813 -122.24725598330578 37.81535425804707 -122.24750867411254 37.81541425373442 -122.24763273648520 37.81579166504636 -122.24829967610182 37.81590398339029 -122.24847060092027 37.81592552345737 -122.24850350498299 37.81606420816527 -122.24880600490100 37.81637011274870 -122.24932603429052 37.81641311075620 -122.24939103343401 37.81664331159004 -122.24971318799611 37.81667031042702 -122.24974818795295 37.81667469880821 -122.24975386889849 37.81671569704469 -122.24980686884564 37.81697576896476 -122.25011736972013 37.81711276357047 -122.25026837176686 37.81734290944695 -122.25050562856823 37.81747890452596 -122.25063663218410 37.81802556714832 -122.25108805672505 37.81811000163096 -122.25114722583105 37.81839318766335 -122.25147088499004 37.81840272825177 -122.25148184228361 37.81866743313445 -122.25185089841331 37.81959663864767 -122.25314623352632 37.81990156561008 -122.25353236444801 37.82023443308641 -122.25387989740899 37.82059217942406 -122.25418563532098 37.82097151409238 -122.25444676539563 37.82136894793986 -122.25466088503181 37.82178082527943 -122.25482602393522 37.82220335750754 -122.25494066226616 37.82263265794754 -122.25500374464796 37.82306477759770 -122.25501468990583 37.82311280716515 -122.25501008790553");>;);out;'}"
2016-11-07 21:34:50,146 INFO osmnx Downloaded 1,146.3KB from www.overpass-api.de in 5.06 seconds
2016-11-07 21:34:50,232 INFO osmnx Saved response to cache file "cache/495536fdd39317b1f7e092518b4fdb2a.json"
2016-11-07 21:34:50,233 INFO osmnx Got all network data within polygon from API in 1 request(s) and 5.41 seconds
2016-11-07 21:34:50,233 INFO osmnx Creating networkx graph from downloaded OSM data...
2016-11-07 21:34:50,465 INFO osmnx Created graph with 8,352 nodes and 17,287 edges in 0.23 seconds
2016-11-07 21:34:51,274 INFO osmnx Added edge lengths to graph in 0.81 seconds
2016-11-07 21:34:52,182 INFO osmnx Identifying all nodes that lie outside the polygon...
2016-11-07 21:34:53,457 INFO osmnx Created r-tree spatial index for 8,352 points in 1.02 seconds
2016-11-07 21:34:54,680 INFO osmnx Identified 7,343 nodes inside polygon in 1.22 seconds
2016-11-07 21:34:54,687 INFO osmnx Removed 1,009 nodes outside polygon in 0.00 seconds
2016-11-07 21:34:54,697 INFO osmnx Begin topologically simplifying the graph...
2016-11-07 21:34:55,395 INFO osmnx Identified 1,377 edge endpoints in 0.17 seconds
2016-11-07 21:34:55,456 INFO osmnx Constructed all paths to simplify in 0.06 seconds
2016-11-07 21:34:57,740 INFO osmnx Simplified graph (from 7,343 to 1,377 nodes and from 15,240 to 3,777 edges) in 2.28 seconds
2016-11-07 21:34:58,126 INFO osmnx Identifying all nodes that lie outside the polygon...
2016-11-07 21:34:58,273 INFO osmnx Created r-tree spatial index for 1,377 points in 0.11 seconds
2016-11-07 21:34:58,423 INFO osmnx Identified 465 nodes inside polygon in 0.15 seconds
2016-11-07 21:34:58,446 INFO osmnx Removed 912 nodes outside polygon in 0.02 seconds
2016-11-07 21:34:58,452 INFO osmnx Removed 3 isolated nodes
2016-11-07 21:34:59,007 INFO osmnx Got the counts of undirected street segments incident to each intersection (before removing peripheral edges) in 0.55 seconds
2016-11-07 21:34:59,016 INFO osmnx graph_from_polygon() returning graph with 462 nodes and 1,266 edges
2016-11-07 21:34:59,034 INFO osmnx graph_from_place() returning graph with 462 nodes and 1,266 edges
2016-11-07 21:34:59,284 INFO osmnx Created a GeoDataFrame from graph in 0.11 seconds
2016-11-07 21:34:59,367 INFO osmnx Projected the GeoDataFrame "Piedmont, California, USA_nodes" to UTM-10 in 0.08 seconds
2016-11-07 21:35:01,241 INFO osmnx Projected the GeoDataFrame "Piedmont, California, USA_edges" to UTM-10 in 1.85 seconds
2016-11-07 21:35:01,260 INFO osmnx Extracted projected node geometries from GeoDataFrame in 0.02 seconds
2016-11-07 21:35:03,721 INFO osmnx Rebuilt projected graph in 2.46 seconds
2016-11-07 21:35:03,729 INFO osmnx Begin plotting the graph...
2016-11-07 21:35:03,847 INFO osmnx Drew the graph edges in 0.07 seconds
2016-11-07 21:35:04,218 INFO osmnx Showed the plot in 0.36 seconds
